\BOOKMARK [0][-]{chapter.1}{\376\377\0001\000\040\000T\000o\000d\000o\000\040\000L\000i\000s\000t}{}% 1
\BOOKMARK [0][-]{chapter.2}{\376\377\0002\000\040\000N\000a\000m\000e\000s\000p\000a\000c\000e\000\040\000I\000n\000d\000e\000x}{}% 2
\BOOKMARK [1][-]{section.2.1}{\376\377\0002\000.\0001\000\040\000N\000a\000m\000e\000s\000p\000a\000c\000e\000\040\000L\000i\000s\000t}{chapter.2}% 3
\BOOKMARK [0][-]{chapter.3}{\376\377\0003\000\040\000H\000i\000e\000r\000a\000r\000c\000h\000i\000c\000a\000l\000\040\000I\000n\000d\000e\000x}{}% 4
\BOOKMARK [1][-]{section.3.1}{\376\377\0003\000.\0001\000\040\000C\000l\000a\000s\000s\000\040\000H\000i\000e\000r\000a\000r\000c\000h\000y}{chapter.3}% 5
\BOOKMARK [0][-]{chapter.4}{\376\377\0004\000\040\000C\000l\000a\000s\000s\000\040\000I\000n\000d\000e\000x}{}% 6
\BOOKMARK [1][-]{section.4.1}{\376\377\0004\000.\0001\000\040\000C\000l\000a\000s\000s\000\040\000L\000i\000s\000t}{chapter.4}% 7
\BOOKMARK [0][-]{chapter.5}{\376\377\0005\000\040\000F\000i\000l\000e\000\040\000I\000n\000d\000e\000x}{}% 8
\BOOKMARK [1][-]{section.5.1}{\376\377\0005\000.\0001\000\040\000F\000i\000l\000e\000\040\000L\000i\000s\000t}{chapter.5}% 9
\BOOKMARK [0][-]{chapter.6}{\376\377\0006\000\040\000N\000a\000m\000e\000s\000p\000a\000c\000e\000\040\000D\000o\000c\000u\000m\000e\000n\000t\000a\000t\000i\000o\000n}{}% 10
\BOOKMARK [1][-]{section.6.1}{\376\377\0006\000.\0001\000\040\000\137\000\137\000g\000n\000u\000\137\000c\000x\000x\000\040\000N\000a\000m\000e\000s\000p\000a\000c\000e\000\040\000R\000e\000f\000e\000r\000e\000n\000c\000e}{chapter.6}% 11
\BOOKMARK [2][-]{subsection.6.1.1}{\376\377\0006\000.\0001\000.\0001\000\040\000D\000e\000t\000a\000i\000l\000e\000d\000\040\000D\000e\000s\000c\000r\000i\000p\000t\000i\000o\000n}{section.6.1}% 12
\BOOKMARK [2][-]{subsection.6.1.2}{\376\377\0006\000.\0001\000.\0002\000\040\000T\000y\000p\000e\000d\000e\000f\000\040\000D\000o\000c\000u\000m\000e\000n\000t\000a\000t\000i\000o\000n}{section.6.1}% 13
\BOOKMARK [3][-]{subsubsection.6.1.2.1}{\376\377\0006\000.\0001\000.\0002\000.\0001\000\040\000s\000o\000l\000u\000t\000i\000o\000n\000\137\000t}{subsection.6.1.2}% 14
\BOOKMARK [2][-]{subsection.6.1.3}{\376\377\0006\000.\0001\000.\0003\000\040\000F\000u\000n\000c\000t\000i\000o\000n\000\040\000D\000o\000c\000u\000m\000e\000n\000t\000a\000t\000i\000o\000n}{section.6.1}% 15
\BOOKMARK [3][-]{subsubsection.6.1.3.1}{\376\377\0006\000.\0001\000.\0003\000.\0001\000\040\000\137\000\137\000c\000u\000b\000i\000c\000\050\000\051\000\040\000[\0001\000/\0002\000]}{subsection.6.1.3}% 16
\BOOKMARK [3][-]{subsubsection.6.1.3.2}{\376\377\0006\000.\0001\000.\0003\000.\0002\000\040\000\137\000\137\000c\000u\000b\000i\000c\000\050\000\051\000\040\000[\0002\000/\0002\000]}{subsection.6.1.3}% 17
\BOOKMARK [3][-]{subsubsection.6.1.3.3}{\376\377\0006\000.\0001\000.\0003\000.\0003\000\040\000\137\000\137\000q\000u\000a\000d\000r\000a\000t\000i\000c\000\050\000\051\000\040\000[\0001\000/\0002\000]}{subsection.6.1.3}% 18
\BOOKMARK [3][-]{subsubsection.6.1.3.4}{\376\377\0006\000.\0001\000.\0003\000.\0004\000\040\000\137\000\137\000q\000u\000a\000d\000r\000a\000t\000i\000c\000\050\000\051\000\040\000[\0002\000/\0002\000]}{subsection.6.1.3}% 19
\BOOKMARK [3][-]{subsubsection.6.1.3.5}{\376\377\0006\000.\0001\000.\0003\000.\0005\000\040\000\137\000\137\000q\000u\000a\000r\000t\000i\000c\000\050\000\051\000\040\000[\0001\000/\0002\000]}{subsection.6.1.3}% 20
\BOOKMARK [3][-]{subsubsection.6.1.3.6}{\376\377\0006\000.\0001\000.\0003\000.\0006\000\040\000\137\000\137\000q\000u\000a\000r\000t\000i\000c\000\050\000\051\000\040\000[\0002\000/\0002\000]}{subsection.6.1.3}% 21
\BOOKMARK [3][-]{subsubsection.6.1.3.7}{\376\377\0006\000.\0001\000.\0003\000.\0007\000\040\000\137\000\137\000r\000e\000f\000i\000n\000e\000\137\000s\000o\000l\000u\000t\000i\000o\000n\000\137\000h\000a\000l\000l\000e\000y\000\050\000\051}{subsection.6.1.3}% 22
\BOOKMARK [3][-]{subsubsection.6.1.3.8}{\376\377\0006\000.\0001\000.\0003\000.\0008\000\040\000\137\000\137\000r\000e\000f\000i\000n\000e\000\137\000s\000o\000l\000u\000t\000i\000o\000n\000\137\000n\000e\000w\000t\000o\000n\000\050\000\051}{subsection.6.1.3}% 23
\BOOKMARK [3][-]{subsubsection.6.1.3.9}{\376\377\0006\000.\0001\000.\0003\000.\0009\000\040\000\137\000\137\000r\000e\000f\000i\000n\000e\000\137\000s\000o\000l\000u\000t\000i\000o\000n\000s\000\050\000\051}{subsection.6.1.3}% 24
\BOOKMARK [3][-]{subsubsection.6.1.3.10}{\376\377\0006\000.\0001\000.\0003\000.\0001\0000\000\040\000a\000b\000s\000\050\000\051}{subsection.6.1.3}% 25
\BOOKMARK [3][-]{subsubsection.6.1.3.11}{\376\377\0006\000.\0001\000.\0003\000.\0001\0001\000\040\000d\000i\000v\000m\000o\000d\000\050\000\051}{subsection.6.1.3}% 26
\BOOKMARK [3][-]{subsubsection.6.1.3.12}{\376\377\0006\000.\0001\000.\0003\000.\0001\0002\000\040\000g\000e\000t\000\137\000s\000c\000a\000l\000e\000\050\000\051\000\040\000[\0001\000/\0002\000]}{subsection.6.1.3}% 27
\BOOKMARK [3][-]{subsubsection.6.1.3.13}{\376\377\0006\000.\0001\000.\0003\000.\0001\0003\000\040\000g\000e\000t\000\137\000s\000c\000a\000l\000e\000\050\000\051\000\040\000[\0002\000/\0002\000]}{subsection.6.1.3}% 28
\BOOKMARK [3][-]{subsubsection.6.1.3.14}{\376\377\0006\000.\0001\000.\0003\000.\0001\0004\000\040\000h\000o\000r\000n\000e\000r\000\050\000\051\000\040\000[\0001\000/\0002\000]}{subsection.6.1.3}% 29
\BOOKMARK [3][-]{subsubsection.6.1.3.15}{\376\377\0006\000.\0001\000.\0003\000.\0001\0005\000\040\000h\000o\000r\000n\000e\000r\000\050\000\051\000\040\000[\0002\000/\0002\000]}{subsection.6.1.3}% 30
\BOOKMARK [3][-]{subsubsection.6.1.3.16}{\376\377\0006\000.\0001\000.\0003\000.\0001\0006\000\040\000h\000o\000r\000n\000e\000r\000\137\000b\000i\000g\000\137\000e\000n\000d\000\050\000\051\000\040\000[\0001\000/\0003\000]}{subsection.6.1.3}% 31
\BOOKMARK [3][-]{subsubsection.6.1.3.17}{\376\377\0006\000.\0001\000.\0003\000.\0001\0007\000\040\000h\000o\000r\000n\000e\000r\000\137\000b\000i\000g\000\137\000e\000n\000d\000\050\000\051\000\040\000[\0002\000/\0003\000]}{subsection.6.1.3}% 32
\BOOKMARK [3][-]{subsubsection.6.1.3.18}{\376\377\0006\000.\0001\000.\0003\000.\0001\0008\000\040\000h\000o\000r\000n\000e\000r\000\137\000b\000i\000g\000\137\000e\000n\000d\000\050\000\051\000\040\000[\0003\000/\0003\000]}{subsection.6.1.3}% 33
\BOOKMARK [3][-]{subsubsection.6.1.3.19}{\376\377\0006\000.\0001\000.\0003\000.\0001\0009\000\040\000i\000m\000a\000g\000\050\000\051}{subsection.6.1.3}% 34
\BOOKMARK [3][-]{subsubsection.6.1.3.20}{\376\377\0006\000.\0001\000.\0003\000.\0002\0000\000\040\000i\000s\000\137\000v\000a\000l\000i\000d\000\050\000\051}{subsection.6.1.3}% 35
\BOOKMARK [3][-]{subsubsection.6.1.3.21}{\376\377\0006\000.\0001\000.\0003\000.\0002\0001\000\040\000o\000p\000e\000r\000a\000t\000o\000r\000!\000=\000\050\000\051\000\040\000[\0001\000/\0003\000]}{subsection.6.1.3}% 36
\BOOKMARK [3][-]{subsubsection.6.1.3.22}{\376\377\0006\000.\0001\000.\0003\000.\0002\0002\000\040\000o\000p\000e\000r\000a\000t\000o\000r\000!\000=\000\050\000\051\000\040\000[\0002\000/\0003\000]}{subsection.6.1.3}% 37
\BOOKMARK [3][-]{subsubsection.6.1.3.23}{\376\377\0006\000.\0001\000.\0003\000.\0002\0003\000\040\000o\000p\000e\000r\000a\000t\000o\000r\000!\000=\000\050\000\051\000\040\000[\0003\000/\0003\000]}{subsection.6.1.3}% 38
\BOOKMARK [3][-]{subsubsection.6.1.3.24}{\376\377\0006\000.\0001\000.\0003\000.\0002\0004\000\040\000o\000p\000e\000r\000a\000t\000o\000r\000\045\000\050\000\051\000\040\000[\0001\000/\0003\000]}{subsection.6.1.3}% 39
\BOOKMARK [3][-]{subsubsection.6.1.3.25}{\376\377\0006\000.\0001\000.\0003\000.\0002\0005\000\040\000o\000p\000e\000r\000a\000t\000o\000r\000\045\000\050\000\051\000\040\000[\0002\000/\0003\000]}{subsection.6.1.3}% 40
\BOOKMARK [3][-]{subsubsection.6.1.3.26}{\376\377\0006\000.\0001\000.\0003\000.\0002\0006\000\040\000o\000p\000e\000r\000a\000t\000o\000r\000\045\000\050\000\051\000\040\000[\0003\000/\0003\000]}{subsection.6.1.3}% 41
\BOOKMARK [3][-]{subsubsection.6.1.3.27}{\376\377\0006\000.\0001\000.\0003\000.\0002\0007\000\040\000o\000p\000e\000r\000a\000t\000o\000r\000*\000\050\000\051\000\040\000[\0001\000/\0003\000]}{subsection.6.1.3}% 42
\BOOKMARK [3][-]{subsubsection.6.1.3.28}{\376\377\0006\000.\0001\000.\0003\000.\0002\0008\000\040\000o\000p\000e\000r\000a\000t\000o\000r\000*\000\050\000\051\000\040\000[\0002\000/\0003\000]}{subsection.6.1.3}% 43
\BOOKMARK [3][-]{subsubsection.6.1.3.29}{\376\377\0006\000.\0001\000.\0003\000.\0002\0009\000\040\000o\000p\000e\000r\000a\000t\000o\000r\000*\000\050\000\051\000\040\000[\0003\000/\0003\000]}{subsection.6.1.3}% 44
\BOOKMARK [3][-]{subsubsection.6.1.3.30}{\376\377\0006\000.\0001\000.\0003\000.\0003\0000\000\040\000o\000p\000e\000r\000a\000t\000o\000r\000+\000\050\000\051\000\040\000[\0001\000/\0003\000]}{subsection.6.1.3}% 45
\BOOKMARK [3][-]{subsubsection.6.1.3.31}{\376\377\0006\000.\0001\000.\0003\000.\0003\0001\000\040\000o\000p\000e\000r\000a\000t\000o\000r\000+\000\050\000\051\000\040\000[\0002\000/\0003\000]}{subsection.6.1.3}% 46
\BOOKMARK [3][-]{subsubsection.6.1.3.32}{\376\377\0006\000.\0001\000.\0003\000.\0003\0002\000\040\000o\000p\000e\000r\000a\000t\000o\000r\000+\000\050\000\051\000\040\000[\0003\000/\0003\000]}{subsection.6.1.3}% 47
\BOOKMARK [3][-]{subsubsection.6.1.3.33}{\376\377\0006\000.\0001\000.\0003\000.\0003\0003\000\040\000o\000p\000e\000r\000a\000t\000o\000r\000-\000\050\000\051\000\040\000[\0001\000/\0003\000]}{subsection.6.1.3}% 48
\BOOKMARK [3][-]{subsubsection.6.1.3.34}{\376\377\0006\000.\0001\000.\0003\000.\0003\0004\000\040\000o\000p\000e\000r\000a\000t\000o\000r\000-\000\050\000\051\000\040\000[\0002\000/\0003\000]}{subsection.6.1.3}% 49
\BOOKMARK [3][-]{subsubsection.6.1.3.35}{\376\377\0006\000.\0001\000.\0003\000.\0003\0005\000\040\000o\000p\000e\000r\000a\000t\000o\000r\000-\000\050\000\051\000\040\000[\0003\000/\0003\000]}{subsection.6.1.3}% 50
\BOOKMARK [3][-]{subsubsection.6.1.3.36}{\376\377\0006\000.\0001\000.\0003\000.\0003\0006\000\040\000o\000p\000e\000r\000a\000t\000o\000r\000/\000\050\000\051\000\040\000[\0001\000/\0003\000]}{subsection.6.1.3}% 51
\BOOKMARK [3][-]{subsubsection.6.1.3.37}{\376\377\0006\000.\0001\000.\0003\000.\0003\0007\000\040\000o\000p\000e\000r\000a\000t\000o\000r\000/\000\050\000\051\000\040\000[\0002\000/\0003\000]}{subsection.6.1.3}% 52
\BOOKMARK [3][-]{subsubsection.6.1.3.38}{\376\377\0006\000.\0001\000.\0003\000.\0003\0008\000\040\000o\000p\000e\000r\000a\000t\000o\000r\000/\000\050\000\051\000\040\000[\0003\000/\0003\000]}{subsection.6.1.3}% 53
\BOOKMARK [3][-]{subsubsection.6.1.3.39}{\376\377\0006\000.\0001\000.\0003\000.\0003\0009\000\040\000o\000p\000e\000r\000a\000t\000o\000r\000<\000<\000\050\000\051\000\040\000[\0001\000/\0002\000]}{subsection.6.1.3}% 54
\BOOKMARK [3][-]{subsubsection.6.1.3.40}{\376\377\0006\000.\0001\000.\0003\000.\0004\0000\000\040\000o\000p\000e\000r\000a\000t\000o\000r\000<\000<\000\050\000\051\000\040\000[\0002\000/\0002\000]}{subsection.6.1.3}% 55
\BOOKMARK [3][-]{subsubsection.6.1.3.41}{\376\377\0006\000.\0001\000.\0003\000.\0004\0001\000\040\000o\000p\000e\000r\000a\000t\000o\000r\000=\000=\000\050\000\051\000\040\000[\0001\000/\0003\000]}{subsection.6.1.3}% 56
\BOOKMARK [3][-]{subsubsection.6.1.3.42}{\376\377\0006\000.\0001\000.\0003\000.\0004\0002\000\040\000o\000p\000e\000r\000a\000t\000o\000r\000=\000=\000\050\000\051\000\040\000[\0002\000/\0003\000]}{subsection.6.1.3}% 57
\BOOKMARK [3][-]{subsubsection.6.1.3.43}{\376\377\0006\000.\0001\000.\0003\000.\0004\0003\000\040\000o\000p\000e\000r\000a\000t\000o\000r\000=\000=\000\050\000\051\000\040\000[\0003\000/\0003\000]}{subsection.6.1.3}% 58
\BOOKMARK [3][-]{subsubsection.6.1.3.44}{\376\377\0006\000.\0001\000.\0003\000.\0004\0004\000\040\000o\000p\000e\000r\000a\000t\000o\000r\000>\000>\000\050\000\051\000\040\000[\0001\000/\0002\000]}{subsection.6.1.3}% 59
\BOOKMARK [3][-]{subsubsection.6.1.3.45}{\376\377\0006\000.\0001\000.\0003\000.\0004\0005\000\040\000o\000p\000e\000r\000a\000t\000o\000r\000>\000>\000\050\000\051\000\040\000[\0002\000/\0002\000]}{subsection.6.1.3}% 60
\BOOKMARK [3][-]{subsubsection.6.1.3.46}{\376\377\0006\000.\0001\000.\0003\000.\0004\0006\000\040\000r\000e\000a\000l\000\050\000\051}{subsection.6.1.3}% 61
\BOOKMARK [3][-]{subsubsection.6.1.3.47}{\376\377\0006\000.\0001\000.\0003\000.\0004\0007\000\040\000s\000w\000a\000p\000\050\000\051}{subsection.6.1.3}% 62
\BOOKMARK [3][-]{subsubsection.6.1.3.48}{\376\377\0006\000.\0001\000.\0003\000.\0004\0008\000\040\000t\000o\000\137\000c\000o\000m\000p\000l\000e\000x\000\050\000\051}{subsection.6.1.3}% 63
\BOOKMARK [2][-]{subsection.6.1.4}{\376\377\0006\000.\0001\000.\0004\000\040\000V\000a\000r\000i\000a\000b\000l\000e\000\040\000D\000o\000c\000u\000m\000e\000n\000t\000a\000t\000i\000o\000n}{section.6.1}% 64
\BOOKMARK [3][-]{subsubsection.6.1.4.1}{\376\377\0006\000.\0001\000.\0004\000.\0001\000\040\000\137\000\137\000h\000a\000s\000\137\000i\000m\000a\000g\000\137\000v}{subsection.6.1.4}% 65
\BOOKMARK [3][-]{subsubsection.6.1.4.2}{\376\377\0006\000.\0001\000.\0004\000.\0002\000\040\000\137\000U\000p}{subsection.6.1.4}% 66
\BOOKMARK [1][-]{section.6.2}{\376\377\0006\000.\0002\000\040\000s\000t\000d\000\040\000N\000a\000m\000e\000s\000p\000a\000c\000e\000\040\000R\000e\000f\000e\000r\000e\000n\000c\000e}{chapter.6}% 67
\BOOKMARK [2][-]{subsection.6.2.1}{\376\377\0006\000.\0002\000.\0001\000\040\000F\000u\000n\000c\000t\000i\000o\000n\000\040\000D\000o\000c\000u\000m\000e\000n\000t\000a\000t\000i\000o\000n}{section.6.2}% 68
\BOOKMARK [3][-]{subsubsection.6.2.1.1}{\376\377\0006\000.\0002\000.\0001\000.\0001\000\040\000o\000p\000e\000r\000a\000t\000o\000r\000!\000=\000\050\000\051\000\040\000[\0001\000/\0005\000]}{subsection.6.2.1}% 69
\BOOKMARK [3][-]{subsubsection.6.2.1.2}{\376\377\0006\000.\0002\000.\0001\000.\0002\000\040\000o\000p\000e\000r\000a\000t\000o\000r\000!\000=\000\050\000\051\000\040\000[\0002\000/\0005\000]}{subsection.6.2.1}% 70
\BOOKMARK [3][-]{subsubsection.6.2.1.3}{\376\377\0006\000.\0002\000.\0001\000.\0003\000\040\000o\000p\000e\000r\000a\000t\000o\000r\000!\000=\000\050\000\051\000\040\000[\0003\000/\0005\000]}{subsection.6.2.1}% 71
\BOOKMARK [3][-]{subsubsection.6.2.1.4}{\376\377\0006\000.\0002\000.\0001\000.\0004\000\040\000o\000p\000e\000r\000a\000t\000o\000r\000!\000=\000\050\000\051\000\040\000[\0004\000/\0005\000]}{subsection.6.2.1}% 72
\BOOKMARK [3][-]{subsubsection.6.2.1.5}{\376\377\0006\000.\0002\000.\0001\000.\0005\000\040\000o\000p\000e\000r\000a\000t\000o\000r\000!\000=\000\050\000\051\000\040\000[\0005\000/\0005\000]}{subsection.6.2.1}% 73
\BOOKMARK [3][-]{subsubsection.6.2.1.6}{\376\377\0006\000.\0002\000.\0001\000.\0006\000\040\000o\000p\000e\000r\000a\000t\000o\000r\000*\000\050\000\051\000\040\000[\0001\000/\0005\000]}{subsection.6.2.1}% 74
\BOOKMARK [3][-]{subsubsection.6.2.1.7}{\376\377\0006\000.\0002\000.\0001\000.\0007\000\040\000o\000p\000e\000r\000a\000t\000o\000r\000*\000\050\000\051\000\040\000[\0002\000/\0005\000]}{subsection.6.2.1}% 75
\BOOKMARK [3][-]{subsubsection.6.2.1.8}{\376\377\0006\000.\0002\000.\0001\000.\0008\000\040\000o\000p\000e\000r\000a\000t\000o\000r\000*\000\050\000\051\000\040\000[\0003\000/\0005\000]}{subsection.6.2.1}% 76
\BOOKMARK [3][-]{subsubsection.6.2.1.9}{\376\377\0006\000.\0002\000.\0001\000.\0009\000\040\000o\000p\000e\000r\000a\000t\000o\000r\000*\000\050\000\051\000\040\000[\0004\000/\0005\000]}{subsection.6.2.1}% 77
\BOOKMARK [3][-]{subsubsection.6.2.1.10}{\376\377\0006\000.\0002\000.\0001\000.\0001\0000\000\040\000o\000p\000e\000r\000a\000t\000o\000r\000*\000\050\000\051\000\040\000[\0005\000/\0005\000]}{subsection.6.2.1}% 78
\BOOKMARK [3][-]{subsubsection.6.2.1.11}{\376\377\0006\000.\0002\000.\0001\000.\0001\0001\000\040\000o\000p\000e\000r\000a\000t\000o\000r\000+\000\050\000\051\000\040\000[\0001\000/\0006\000]}{subsection.6.2.1}% 79
\BOOKMARK [3][-]{subsubsection.6.2.1.12}{\376\377\0006\000.\0002\000.\0001\000.\0001\0002\000\040\000o\000p\000e\000r\000a\000t\000o\000r\000+\000\050\000\051\000\040\000[\0002\000/\0006\000]}{subsection.6.2.1}% 80
\BOOKMARK [3][-]{subsubsection.6.2.1.13}{\376\377\0006\000.\0002\000.\0001\000.\0001\0003\000\040\000o\000p\000e\000r\000a\000t\000o\000r\000+\000\050\000\051\000\040\000[\0003\000/\0006\000]}{subsection.6.2.1}% 81
\BOOKMARK [3][-]{subsubsection.6.2.1.14}{\376\377\0006\000.\0002\000.\0001\000.\0001\0004\000\040\000o\000p\000e\000r\000a\000t\000o\000r\000+\000\050\000\051\000\040\000[\0004\000/\0006\000]}{subsection.6.2.1}% 82
\BOOKMARK [3][-]{subsubsection.6.2.1.15}{\376\377\0006\000.\0002\000.\0001\000.\0001\0005\000\040\000o\000p\000e\000r\000a\000t\000o\000r\000+\000\050\000\051\000\040\000[\0005\000/\0006\000]}{subsection.6.2.1}% 83
\BOOKMARK [3][-]{subsubsection.6.2.1.16}{\376\377\0006\000.\0002\000.\0001\000.\0001\0006\000\040\000o\000p\000e\000r\000a\000t\000o\000r\000+\000\050\000\051\000\040\000[\0006\000/\0006\000]}{subsection.6.2.1}% 84
\BOOKMARK [3][-]{subsubsection.6.2.1.17}{\376\377\0006\000.\0002\000.\0001\000.\0001\0007\000\040\000o\000p\000e\000r\000a\000t\000o\000r\000-\000\050\000\051\000\040\000[\0001\000/\0006\000]}{subsection.6.2.1}% 85
\BOOKMARK [3][-]{subsubsection.6.2.1.18}{\376\377\0006\000.\0002\000.\0001\000.\0001\0008\000\040\000o\000p\000e\000r\000a\000t\000o\000r\000-\000\050\000\051\000\040\000[\0002\000/\0006\000]}{subsection.6.2.1}% 86
\BOOKMARK [3][-]{subsubsection.6.2.1.19}{\376\377\0006\000.\0002\000.\0001\000.\0001\0009\000\040\000o\000p\000e\000r\000a\000t\000o\000r\000-\000\050\000\051\000\040\000[\0003\000/\0006\000]}{subsection.6.2.1}% 87
\BOOKMARK [3][-]{subsubsection.6.2.1.20}{\376\377\0006\000.\0002\000.\0001\000.\0002\0000\000\040\000o\000p\000e\000r\000a\000t\000o\000r\000-\000\050\000\051\000\040\000[\0004\000/\0006\000]}{subsection.6.2.1}% 88
\BOOKMARK [3][-]{subsubsection.6.2.1.21}{\376\377\0006\000.\0002\000.\0001\000.\0002\0001\000\040\000o\000p\000e\000r\000a\000t\000o\000r\000-\000\050\000\051\000\040\000[\0005\000/\0006\000]}{subsection.6.2.1}% 89
\BOOKMARK [3][-]{subsubsection.6.2.1.22}{\376\377\0006\000.\0002\000.\0001\000.\0002\0002\000\040\000o\000p\000e\000r\000a\000t\000o\000r\000-\000\050\000\051\000\040\000[\0006\000/\0006\000]}{subsection.6.2.1}% 90
\BOOKMARK [3][-]{subsubsection.6.2.1.23}{\376\377\0006\000.\0002\000.\0001\000.\0002\0003\000\040\000o\000p\000e\000r\000a\000t\000o\000r\000/\000\050\000\051\000\040\000[\0001\000/\0005\000]}{subsection.6.2.1}% 91
\BOOKMARK [3][-]{subsubsection.6.2.1.24}{\376\377\0006\000.\0002\000.\0001\000.\0002\0004\000\040\000o\000p\000e\000r\000a\000t\000o\000r\000/\000\050\000\051\000\040\000[\0002\000/\0005\000]}{subsection.6.2.1}% 92
\BOOKMARK [3][-]{subsubsection.6.2.1.25}{\376\377\0006\000.\0002\000.\0001\000.\0002\0005\000\040\000o\000p\000e\000r\000a\000t\000o\000r\000/\000\050\000\051\000\040\000[\0003\000/\0005\000]}{subsection.6.2.1}% 93
\BOOKMARK [3][-]{subsubsection.6.2.1.26}{\376\377\0006\000.\0002\000.\0001\000.\0002\0006\000\040\000o\000p\000e\000r\000a\000t\000o\000r\000/\000\050\000\051\000\040\000[\0004\000/\0005\000]}{subsection.6.2.1}% 94
\BOOKMARK [3][-]{subsubsection.6.2.1.27}{\376\377\0006\000.\0002\000.\0001\000.\0002\0007\000\040\000o\000p\000e\000r\000a\000t\000o\000r\000/\000\050\000\051\000\040\000[\0005\000/\0005\000]}{subsection.6.2.1}% 95
\BOOKMARK [3][-]{subsubsection.6.2.1.28}{\376\377\0006\000.\0002\000.\0001\000.\0002\0008\000\040\000o\000p\000e\000r\000a\000t\000o\000r\000<\000\050\000\051\000\040\000[\0001\000/\0005\000]}{subsection.6.2.1}% 96
\BOOKMARK [3][-]{subsubsection.6.2.1.29}{\376\377\0006\000.\0002\000.\0001\000.\0002\0009\000\040\000o\000p\000e\000r\000a\000t\000o\000r\000<\000\050\000\051\000\040\000[\0002\000/\0005\000]}{subsection.6.2.1}% 97
\BOOKMARK [3][-]{subsubsection.6.2.1.30}{\376\377\0006\000.\0002\000.\0001\000.\0003\0000\000\040\000o\000p\000e\000r\000a\000t\000o\000r\000<\000\050\000\051\000\040\000[\0003\000/\0005\000]}{subsection.6.2.1}% 98
\BOOKMARK [3][-]{subsubsection.6.2.1.31}{\376\377\0006\000.\0002\000.\0001\000.\0003\0001\000\040\000o\000p\000e\000r\000a\000t\000o\000r\000<\000\050\000\051\000\040\000[\0004\000/\0005\000]}{subsection.6.2.1}% 99
\BOOKMARK [3][-]{subsubsection.6.2.1.32}{\376\377\0006\000.\0002\000.\0001\000.\0003\0002\000\040\000o\000p\000e\000r\000a\000t\000o\000r\000<\000\050\000\051\000\040\000[\0005\000/\0005\000]}{subsection.6.2.1}% 100
\BOOKMARK [3][-]{subsubsection.6.2.1.33}{\376\377\0006\000.\0002\000.\0001\000.\0003\0003\000\040\000o\000p\000e\000r\000a\000t\000o\000r\000=\000=\000\050\000\051\000\040\000[\0001\000/\0005\000]}{subsection.6.2.1}% 101
\BOOKMARK [3][-]{subsubsection.6.2.1.34}{\376\377\0006\000.\0002\000.\0001\000.\0003\0004\000\040\000o\000p\000e\000r\000a\000t\000o\000r\000=\000=\000\050\000\051\000\040\000[\0002\000/\0005\000]}{subsection.6.2.1}% 102
\BOOKMARK [3][-]{subsubsection.6.2.1.35}{\376\377\0006\000.\0002\000.\0001\000.\0003\0005\000\040\000o\000p\000e\000r\000a\000t\000o\000r\000=\000=\000\050\000\051\000\040\000[\0003\000/\0005\000]}{subsection.6.2.1}% 103
\BOOKMARK [3][-]{subsubsection.6.2.1.36}{\376\377\0006\000.\0002\000.\0001\000.\0003\0006\000\040\000o\000p\000e\000r\000a\000t\000o\000r\000=\000=\000\050\000\051\000\040\000[\0004\000/\0005\000]}{subsection.6.2.1}% 104
\BOOKMARK [3][-]{subsubsection.6.2.1.37}{\376\377\0006\000.\0002\000.\0001\000.\0003\0007\000\040\000o\000p\000e\000r\000a\000t\000o\000r\000=\000=\000\050\000\051\000\040\000[\0005\000/\0005\000]}{subsection.6.2.1}% 105
\BOOKMARK [0][-]{chapter.7}{\376\377\0007\000\040\000C\000l\000a\000s\000s\000\040\000D\000o\000c\000u\000m\000e\000n\000t\000a\000t\000i\000o\000n}{}% 106
\BOOKMARK [1][-]{section.7.1}{\376\377\0007\000.\0001\000\040\000\137\000\137\000g\000n\000u\000\137\000c\000x\000x\000:\000:\000\137\000\137\000h\000a\000s\000\137\000i\000m\000a\000g\000\137\000t\000<\000\040\000t\000y\000p\000e\000n\000a\000m\000e\000,\000\040\000t\000y\000p\000e\000n\000a\000m\000e\000\040\000>\000\040\000S\000t\000r\000u\000c\000t\000\040\000T\000e\000m\000p\000l\000a\000t\000e\000\040\000R\000e\000f\000e\000r\000e\000n\000c\000e}{chapter.7}% 107
\BOOKMARK [2][-]{subsection.7.1.1}{\376\377\0007\000.\0001\000.\0001\000\040\000D\000e\000t\000a\000i\000l\000e\000d\000\040\000D\000e\000s\000c\000r\000i\000p\000t\000i\000o\000n}{section.7.1}% 108
\BOOKMARK [1][-]{section.7.2}{\376\377\0007\000.\0002\000\040\000\137\000\137\000g\000n\000u\000\137\000c\000x\000x\000:\000:\000\137\000\137\000h\000a\000s\000\137\000i\000m\000a\000g\000\137\000t\000<\000\040\000T\000,\000\040\000s\000t\000d\000:\000:\000v\000o\000i\000d\000\137\000t\000<\000\040\000d\000e\000c\000l\000t\000y\000p\000e\000\050\000s\000t\000d\000:\000:\000d\000e\000c\000l\000v\000a\000l\000<\000\040\000T\000\040\000\046\000\040\000>\000\050\000\051\000.\000i\000m\000a\000g\000\050\000\051\000\051\000>\000\040\000>\000\040\000S\000t\000r\000u\000c\000t\000\040\000T\000e\000m\000p\000l\000a\000t\000e\000\040\000R\000e\000f\000e\000r\000e\000n\000c\000e}{chapter.7}% 109
\BOOKMARK [2][-]{subsection.7.2.1}{\376\377\0007\000.\0002\000.\0001\000\040\000D\000e\000t\000a\000i\000l\000e\000d\000\040\000D\000e\000s\000c\000r\000i\000p\000t\000i\000o\000n}{section.7.2}% 110
\BOOKMARK [1][-]{section.7.3}{\376\377\0007\000.\0003\000\040\000\137\000\137\000g\000n\000u\000\137\000c\000x\000x\000:\000:\000\137\000P\000o\000l\000y\000n\000o\000m\000i\000a\000l\000<\000\040\000\137\000T\000p\000\040\000>\000\040\000C\000l\000a\000s\000s\000\040\000T\000e\000m\000p\000l\000a\000t\000e\000\040\000R\000e\000f\000e\000r\000e\000n\000c\000e}{chapter.7}% 111
\BOOKMARK [2][-]{subsection.7.3.1}{\376\377\0007\000.\0003\000.\0001\000\040\000D\000e\000t\000a\000i\000l\000e\000d\000\040\000D\000e\000s\000c\000r\000i\000p\000t\000i\000o\000n}{section.7.3}% 112
\BOOKMARK [2][-]{subsection.7.3.2}{\376\377\0007\000.\0003\000.\0002\000\040\000M\000e\000m\000b\000e\000r\000\040\000T\000y\000p\000e\000d\000e\000f\000\040\000D\000o\000c\000u\000m\000e\000n\000t\000a\000t\000i\000o\000n}{section.7.3}% 113
\BOOKMARK [3][-]{subsubsection.7.3.2.1}{\376\377\0007\000.\0003\000.\0002\000.\0001\000\040\000c\000o\000n\000s\000t\000\137\000i\000t\000e\000r\000a\000t\000o\000r}{subsection.7.3.2}% 114
\BOOKMARK [3][-]{subsubsection.7.3.2.2}{\376\377\0007\000.\0003\000.\0002\000.\0002\000\040\000c\000o\000n\000s\000t\000\137\000p\000o\000i\000n\000t\000e\000r}{subsection.7.3.2}% 115
\BOOKMARK [3][-]{subsubsection.7.3.2.3}{\376\377\0007\000.\0003\000.\0002\000.\0003\000\040\000c\000o\000n\000s\000t\000\137\000r\000e\000f\000e\000r\000e\000n\000c\000e}{subsection.7.3.2}% 116
\BOOKMARK [3][-]{subsubsection.7.3.2.4}{\376\377\0007\000.\0003\000.\0002\000.\0004\000\040\000c\000o\000n\000s\000t\000\137\000r\000e\000v\000e\000r\000s\000e\000\137\000i\000t\000e\000r\000a\000t\000o\000r}{subsection.7.3.2}% 117
\BOOKMARK [3][-]{subsubsection.7.3.2.5}{\376\377\0007\000.\0003\000.\0002\000.\0005\000\040\000d\000i\000f\000f\000e\000r\000e\000n\000c\000e\000\137\000t\000y\000p\000e}{subsection.7.3.2}% 118
\BOOKMARK [3][-]{subsubsection.7.3.2.6}{\376\377\0007\000.\0003\000.\0002\000.\0006\000\040\000i\000t\000e\000r\000a\000t\000o\000r}{subsection.7.3.2}% 119
\BOOKMARK [3][-]{subsubsection.7.3.2.7}{\376\377\0007\000.\0003\000.\0002\000.\0007\000\040\000p\000o\000i\000n\000t\000e\000r}{subsection.7.3.2}% 120
\BOOKMARK [3][-]{subsubsection.7.3.2.8}{\376\377\0007\000.\0003\000.\0002\000.\0008\000\040\000r\000e\000f\000e\000r\000e\000n\000c\000e}{subsection.7.3.2}% 121
\BOOKMARK [3][-]{subsubsection.7.3.2.9}{\376\377\0007\000.\0003\000.\0002\000.\0009\000\040\000r\000e\000v\000e\000r\000s\000e\000\137\000i\000t\000e\000r\000a\000t\000o\000r}{subsection.7.3.2}% 122
\BOOKMARK [3][-]{subsubsection.7.3.2.10}{\376\377\0007\000.\0003\000.\0002\000.\0001\0000\000\040\000s\000i\000z\000e\000\137\000t\000y\000p\000e}{subsection.7.3.2}% 123
\BOOKMARK [3][-]{subsubsection.7.3.2.11}{\376\377\0007\000.\0003\000.\0002\000.\0001\0001\000\040\000v\000a\000l\000u\000e\000\137\000t\000y\000p\000e}{subsection.7.3.2}% 124
\BOOKMARK [2][-]{subsection.7.3.3}{\376\377\0007\000.\0003\000.\0003\000\040\000C\000o\000n\000s\000t\000r\000u\000c\000t\000o\000r\000\040\000\046\000\040\000D\000e\000s\000t\000r\000u\000c\000t\000o\000r\000\040\000D\000o\000c\000u\000m\000e\000n\000t\000a\000t\000i\000o\000n}{section.7.3}% 125
\BOOKMARK [3][-]{subsubsection.7.3.3.1}{\376\377\0007\000.\0003\000.\0003\000.\0001\000\040\000\137\000P\000o\000l\000y\000n\000o\000m\000i\000a\000l\000\050\000\051\000\040\000[\0001\000/\0009\000]}{subsection.7.3.3}% 126
\BOOKMARK [3][-]{subsubsection.7.3.3.2}{\376\377\0007\000.\0003\000.\0003\000.\0002\000\040\000\137\000P\000o\000l\000y\000n\000o\000m\000i\000a\000l\000\050\000\051\000\040\000[\0002\000/\0009\000]}{subsection.7.3.3}% 127
\BOOKMARK [3][-]{subsubsection.7.3.3.3}{\376\377\0007\000.\0003\000.\0003\000.\0003\000\040\000\137\000P\000o\000l\000y\000n\000o\000m\000i\000a\000l\000\050\000\051\000\040\000[\0003\000/\0009\000]}{subsection.7.3.3}% 128
\BOOKMARK [3][-]{subsubsection.7.3.3.4}{\376\377\0007\000.\0003\000.\0003\000.\0004\000\040\000\137\000P\000o\000l\000y\000n\000o\000m\000i\000a\000l\000\050\000\051\000\040\000[\0004\000/\0009\000]}{subsection.7.3.3}% 129
\BOOKMARK [3][-]{subsubsection.7.3.3.5}{\376\377\0007\000.\0003\000.\0003\000.\0005\000\040\000\137\000P\000o\000l\000y\000n\000o\000m\000i\000a\000l\000\050\000\051\000\040\000[\0005\000/\0009\000]}{subsection.7.3.3}% 130
\BOOKMARK [3][-]{subsubsection.7.3.3.6}{\376\377\0007\000.\0003\000.\0003\000.\0006\000\040\000\137\000P\000o\000l\000y\000n\000o\000m\000i\000a\000l\000\050\000\051\000\040\000[\0006\000/\0009\000]}{subsection.7.3.3}% 131
\BOOKMARK [3][-]{subsubsection.7.3.3.7}{\376\377\0007\000.\0003\000.\0003\000.\0007\000\040\000\137\000P\000o\000l\000y\000n\000o\000m\000i\000a\000l\000\050\000\051\000\040\000[\0007\000/\0009\000]}{subsection.7.3.3}% 132
\BOOKMARK [3][-]{subsubsection.7.3.3.8}{\376\377\0007\000.\0003\000.\0003\000.\0008\000\040\000\137\000P\000o\000l\000y\000n\000o\000m\000i\000a\000l\000\050\000\051\000\040\000[\0008\000/\0009\000]}{subsection.7.3.3}% 133
\BOOKMARK [3][-]{subsubsection.7.3.3.9}{\376\377\0007\000.\0003\000.\0003\000.\0009\000\040\000\137\000P\000o\000l\000y\000n\000o\000m\000i\000a\000l\000\050\000\051\000\040\000[\0009\000/\0009\000]}{subsection.7.3.3}% 134
\BOOKMARK [2][-]{subsection.7.3.4}{\376\377\0007\000.\0003\000.\0004\000\040\000M\000e\000m\000b\000e\000r\000\040\000F\000u\000n\000c\000t\000i\000o\000n\000\040\000D\000o\000c\000u\000m\000e\000n\000t\000a\000t\000i\000o\000n}{section.7.3}% 135
\BOOKMARK [3][-]{subsubsection.7.3.4.1}{\376\377\0007\000.\0003\000.\0004\000.\0001\000\040\000b\000e\000g\000i\000n\000\050\000\051\000\040\000[\0001\000/\0002\000]}{subsection.7.3.4}% 136
\BOOKMARK [3][-]{subsubsection.7.3.4.2}{\376\377\0007\000.\0003\000.\0004\000.\0002\000\040\000b\000e\000g\000i\000n\000\050\000\051\000\040\000[\0002\000/\0002\000]}{subsection.7.3.4}% 137
\BOOKMARK [3][-]{subsubsection.7.3.4.3}{\376\377\0007\000.\0003\000.\0004\000.\0003\000\040\000c\000b\000e\000g\000i\000n\000\050\000\051}{subsection.7.3.4}% 138
\BOOKMARK [3][-]{subsubsection.7.3.4.4}{\376\377\0007\000.\0003\000.\0004\000.\0004\000\040\000c\000e\000n\000d\000\050\000\051}{subsection.7.3.4}% 139
\BOOKMARK [3][-]{subsubsection.7.3.4.5}{\376\377\0007\000.\0003\000.\0004\000.\0005\000\040\000c\000o\000e\000f\000f\000i\000c\000i\000e\000n\000t\000\050\000\051\000\040\000[\0001\000/\0002\000]}{subsection.7.3.4}% 140
\BOOKMARK [3][-]{subsubsection.7.3.4.6}{\376\377\0007\000.\0003\000.\0004\000.\0006\000\040\000c\000o\000e\000f\000f\000i\000c\000i\000e\000n\000t\000\050\000\051\000\040\000[\0002\000/\0002\000]}{subsection.7.3.4}% 141
\BOOKMARK [3][-]{subsubsection.7.3.4.7}{\376\377\0007\000.\0003\000.\0004\000.\0007\000\040\000c\000o\000e\000f\000f\000i\000c\000i\000e\000n\000t\000s\000\050\000\051\000\040\000[\0001\000/\0002\000]}{subsection.7.3.4}% 142
\BOOKMARK [3][-]{subsubsection.7.3.4.8}{\376\377\0007\000.\0003\000.\0004\000.\0008\000\040\000c\000o\000e\000f\000f\000i\000c\000i\000e\000n\000t\000s\000\050\000\051\000\040\000[\0002\000/\0002\000]}{subsection.7.3.4}% 143
\BOOKMARK [3][-]{subsubsection.7.3.4.9}{\376\377\0007\000.\0003\000.\0004\000.\0009\000\040\000c\000r\000b\000e\000g\000i\000n\000\050\000\051}{subsection.7.3.4}% 144
\BOOKMARK [3][-]{subsubsection.7.3.4.10}{\376\377\0007\000.\0003\000.\0004\000.\0001\0000\000\040\000c\000r\000e\000n\000d\000\050\000\051}{subsection.7.3.4}% 145
\BOOKMARK [3][-]{subsubsection.7.3.4.11}{\376\377\0007\000.\0003\000.\0004\000.\0001\0001\000\040\000d\000e\000g\000r\000e\000e\000\050\000\051\000\040\000[\0001\000/\0002\000]}{subsection.7.3.4}% 146
\BOOKMARK [3][-]{subsubsection.7.3.4.12}{\376\377\0007\000.\0003\000.\0004\000.\0001\0002\000\040\000d\000e\000g\000r\000e\000e\000\050\000\051\000\040\000[\0002\000/\0002\000]}{subsection.7.3.4}% 147
\BOOKMARK [3][-]{subsubsection.7.3.4.13}{\376\377\0007\000.\0003\000.\0004\000.\0001\0003\000\040\000d\000e\000r\000i\000v\000a\000t\000i\000v\000e\000\050\000\051}{subsection.7.3.4}% 148
\BOOKMARK [3][-]{subsubsection.7.3.4.14}{\376\377\0007\000.\0003\000.\0004\000.\0001\0004\000\040\000e\000n\000d\000\050\000\051\000\040\000[\0001\000/\0002\000]}{subsection.7.3.4}% 149
\BOOKMARK [3][-]{subsubsection.7.3.4.15}{\376\377\0007\000.\0003\000.\0004\000.\0001\0005\000\040\000e\000n\000d\000\050\000\051\000\040\000[\0002\000/\0002\000]}{subsection.7.3.4}% 150
\BOOKMARK [3][-]{subsubsection.7.3.4.16}{\376\377\0007\000.\0003\000.\0004\000.\0001\0006\000\040\000e\000v\000a\000l\000\050\000\051\000\040\000[\0001\000/\0004\000]}{subsection.7.3.4}% 151
\BOOKMARK [3][-]{subsubsection.7.3.4.17}{\376\377\0007\000.\0003\000.\0004\000.\0001\0007\000\040\000e\000v\000a\000l\000\050\000\051\000\040\000[\0002\000/\0004\000]}{subsection.7.3.4}% 152
\BOOKMARK [3][-]{subsubsection.7.3.4.18}{\376\377\0007\000.\0003\000.\0004\000.\0001\0008\000\040\000e\000v\000a\000l\000\050\000\051\000\040\000[\0003\000/\0004\000]}{subsection.7.3.4}% 153
\BOOKMARK [3][-]{subsubsection.7.3.4.19}{\376\377\0007\000.\0003\000.\0004\000.\0001\0009\000\040\000e\000v\000a\000l\000\050\000\051\000\040\000[\0004\000/\0004\000]}{subsection.7.3.4}% 154
\BOOKMARK [3][-]{subsubsection.7.3.4.20}{\376\377\0007\000.\0003\000.\0004\000.\0002\0000\000\040\000e\000v\000a\000l\000\137\000e\000v\000e\000n\000\050\000\051\000\040\000[\0001\000/\0003\000]}{subsection.7.3.4}% 155
\BOOKMARK [3][-]{subsubsection.7.3.4.21}{\376\377\0007\000.\0003\000.\0004\000.\0002\0001\000\040\000e\000v\000a\000l\000\137\000e\000v\000e\000n\000\050\000\051\000\040\000[\0002\000/\0003\000]}{subsection.7.3.4}% 156
\BOOKMARK [3][-]{subsubsection.7.3.4.22}{\376\377\0007\000.\0003\000.\0004\000.\0002\0002\000\040\000e\000v\000a\000l\000\137\000e\000v\000e\000n\000\050\000\051\000\040\000[\0003\000/\0003\000]}{subsection.7.3.4}% 157
\BOOKMARK [3][-]{subsubsection.7.3.4.23}{\376\377\0007\000.\0003\000.\0004\000.\0002\0003\000\040\000e\000v\000a\000l\000\137\000o\000d\000d\000\050\000\051\000\040\000[\0001\000/\0003\000]}{subsection.7.3.4}% 158
\BOOKMARK [3][-]{subsubsection.7.3.4.24}{\376\377\0007\000.\0003\000.\0004\000.\0002\0004\000\040\000e\000v\000a\000l\000\137\000o\000d\000d\000\050\000\051\000\040\000[\0002\000/\0003\000]}{subsection.7.3.4}% 159
\BOOKMARK [3][-]{subsubsection.7.3.4.25}{\376\377\0007\000.\0003\000.\0004\000.\0002\0005\000\040\000e\000v\000a\000l\000\137\000o\000d\000d\000\050\000\051\000\040\000[\0003\000/\0003\000]}{subsection.7.3.4}% 160
\BOOKMARK [3][-]{subsubsection.7.3.4.26}{\376\377\0007\000.\0003\000.\0004\000.\0002\0006\000\040\000i\000n\000t\000e\000g\000r\000a\000l\000\050\000\051}{subsection.7.3.4}% 161
\BOOKMARK [3][-]{subsubsection.7.3.4.27}{\376\377\0007\000.\0003\000.\0004\000.\0002\0007\000\040\000o\000p\000e\000r\000a\000t\000o\000r\000\045\000=\000\050\000\051\000\040\000[\0001\000/\0002\000]}{subsection.7.3.4}% 162
\BOOKMARK [3][-]{subsubsection.7.3.4.28}{\376\377\0007\000.\0003\000.\0004\000.\0002\0008\000\040\000o\000p\000e\000r\000a\000t\000o\000r\000\045\000=\000\050\000\051\000\040\000[\0002\000/\0002\000]}{subsection.7.3.4}% 163
\BOOKMARK [3][-]{subsubsection.7.3.4.29}{\376\377\0007\000.\0003\000.\0004\000.\0002\0009\000\040\000o\000p\000e\000r\000a\000t\000o\000r\000\050\000\051\000\050\000\051\000\040\000[\0001\000/\0004\000]}{subsection.7.3.4}% 164
\BOOKMARK [3][-]{subsubsection.7.3.4.30}{\376\377\0007\000.\0003\000.\0004\000.\0003\0000\000\040\000o\000p\000e\000r\000a\000t\000o\000r\000\050\000\051\000\050\000\051\000\040\000[\0002\000/\0004\000]}{subsection.7.3.4}% 165
\BOOKMARK [3][-]{subsubsection.7.3.4.31}{\376\377\0007\000.\0003\000.\0004\000.\0003\0001\000\040\000o\000p\000e\000r\000a\000t\000o\000r\000\050\000\051\000\050\000\051\000\040\000[\0003\000/\0004\000]}{subsection.7.3.4}% 166
\BOOKMARK [3][-]{subsubsection.7.3.4.32}{\376\377\0007\000.\0003\000.\0004\000.\0003\0002\000\040\000o\000p\000e\000r\000a\000t\000o\000r\000\050\000\051\000\050\000\051\000\040\000[\0004\000/\0004\000]}{subsection.7.3.4}% 167
\BOOKMARK [3][-]{subsubsection.7.3.4.33}{\376\377\0007\000.\0003\000.\0004\000.\0003\0003\000\040\000o\000p\000e\000r\000a\000t\000o\000r\000*\000=\000\050\000\051\000\040\000[\0001\000/\0003\000]}{subsection.7.3.4}% 168
\BOOKMARK [3][-]{subsubsection.7.3.4.34}{\376\377\0007\000.\0003\000.\0004\000.\0003\0004\000\040\000o\000p\000e\000r\000a\000t\000o\000r\000*\000=\000\050\000\051\000\040\000[\0002\000/\0003\000]}{subsection.7.3.4}% 169
\BOOKMARK [3][-]{subsubsection.7.3.4.35}{\376\377\0007\000.\0003\000.\0004\000.\0003\0005\000\040\000o\000p\000e\000r\000a\000t\000o\000r\000*\000=\000\050\000\051\000\040\000[\0003\000/\0003\000]}{subsection.7.3.4}% 170
\BOOKMARK [3][-]{subsubsection.7.3.4.36}{\376\377\0007\000.\0003\000.\0004\000.\0003\0006\000\040\000o\000p\000e\000r\000a\000t\000o\000r\000+\000\050\000\051}{subsection.7.3.4}% 171
\BOOKMARK [3][-]{subsubsection.7.3.4.37}{\376\377\0007\000.\0003\000.\0004\000.\0003\0007\000\040\000o\000p\000e\000r\000a\000t\000o\000r\000+\000=\000\050\000\051\000\040\000[\0001\000/\0002\000]}{subsection.7.3.4}% 172
\BOOKMARK [3][-]{subsubsection.7.3.4.38}{\376\377\0007\000.\0003\000.\0004\000.\0003\0008\000\040\000o\000p\000e\000r\000a\000t\000o\000r\000+\000=\000\050\000\051\000\040\000[\0002\000/\0002\000]}{subsection.7.3.4}% 173
\BOOKMARK [3][-]{subsubsection.7.3.4.39}{\376\377\0007\000.\0003\000.\0004\000.\0003\0009\000\040\000o\000p\000e\000r\000a\000t\000o\000r\000-\000\050\000\051}{subsection.7.3.4}% 174
\BOOKMARK [3][-]{subsubsection.7.3.4.40}{\376\377\0007\000.\0003\000.\0004\000.\0004\0000\000\040\000o\000p\000e\000r\000a\000t\000o\000r\000-\000=\000\050\000\051\000\040\000[\0001\000/\0002\000]}{subsection.7.3.4}% 175
\BOOKMARK [3][-]{subsubsection.7.3.4.41}{\376\377\0007\000.\0003\000.\0004\000.\0004\0001\000\040\000o\000p\000e\000r\000a\000t\000o\000r\000-\000=\000\050\000\051\000\040\000[\0002\000/\0002\000]}{subsection.7.3.4}% 176
\BOOKMARK [3][-]{subsubsection.7.3.4.42}{\376\377\0007\000.\0003\000.\0004\000.\0004\0002\000\040\000o\000p\000e\000r\000a\000t\000o\000r\000/\000=\000\050\000\051\000\040\000[\0001\000/\0002\000]}{subsection.7.3.4}% 177
\BOOKMARK [3][-]{subsubsection.7.3.4.43}{\376\377\0007\000.\0003\000.\0004\000.\0004\0003\000\040\000o\000p\000e\000r\000a\000t\000o\000r\000/\000=\000\050\000\051\000\040\000[\0002\000/\0002\000]}{subsection.7.3.4}% 178
\BOOKMARK [3][-]{subsubsection.7.3.4.44}{\376\377\0007\000.\0003\000.\0004\000.\0004\0004\000\040\000o\000p\000e\000r\000a\000t\000o\000r\000=\000\050\000\051\000\040\000[\0001\000/\0004\000]}{subsection.7.3.4}% 179
\BOOKMARK [3][-]{subsubsection.7.3.4.45}{\376\377\0007\000.\0003\000.\0004\000.\0004\0005\000\040\000o\000p\000e\000r\000a\000t\000o\000r\000=\000\050\000\051\000\040\000[\0002\000/\0004\000]}{subsection.7.3.4}% 180
\BOOKMARK [3][-]{subsubsection.7.3.4.46}{\376\377\0007\000.\0003\000.\0004\000.\0004\0006\000\040\000o\000p\000e\000r\000a\000t\000o\000r\000=\000\050\000\051\000\040\000[\0003\000/\0004\000]}{subsection.7.3.4}% 181
\BOOKMARK [3][-]{subsubsection.7.3.4.47}{\376\377\0007\000.\0003\000.\0004\000.\0004\0007\000\040\000o\000p\000e\000r\000a\000t\000o\000r\000=\000\050\000\051\000\040\000[\0004\000/\0004\000]}{subsection.7.3.4}% 182
\BOOKMARK [3][-]{subsubsection.7.3.4.48}{\376\377\0007\000.\0003\000.\0004\000.\0004\0008\000\040\000o\000p\000e\000r\000a\000t\000o\000r\000[\000]\000\050\000\051\000\040\000[\0001\000/\0002\000]}{subsection.7.3.4}% 183
\BOOKMARK [3][-]{subsubsection.7.3.4.49}{\376\377\0007\000.\0003\000.\0004\000.\0004\0009\000\040\000o\000p\000e\000r\000a\000t\000o\000r\000[\000]\000\050\000\051\000\040\000[\0002\000/\0002\000]}{subsection.7.3.4}% 184
\BOOKMARK [3][-]{subsubsection.7.3.4.50}{\376\377\0007\000.\0003\000.\0004\000.\0005\0000\000\040\000r\000b\000e\000g\000i\000n\000\050\000\051\000\040\000[\0001\000/\0002\000]}{subsection.7.3.4}% 185
\BOOKMARK [3][-]{subsubsection.7.3.4.51}{\376\377\0007\000.\0003\000.\0004\000.\0005\0001\000\040\000r\000b\000e\000g\000i\000n\000\050\000\051\000\040\000[\0002\000/\0002\000]}{subsection.7.3.4}% 186
\BOOKMARK [3][-]{subsubsection.7.3.4.52}{\376\377\0007\000.\0003\000.\0004\000.\0005\0002\000\040\000r\000e\000n\000d\000\050\000\051\000\040\000[\0001\000/\0002\000]}{subsection.7.3.4}% 187
\BOOKMARK [3][-]{subsubsection.7.3.4.53}{\376\377\0007\000.\0003\000.\0004\000.\0005\0003\000\040\000r\000e\000n\000d\000\050\000\051\000\040\000[\0002\000/\0002\000]}{subsection.7.3.4}% 188
\BOOKMARK [3][-]{subsubsection.7.3.4.54}{\376\377\0007\000.\0003\000.\0004\000.\0005\0004\000\040\000s\000i\000z\000e\000\050\000\051}{subsection.7.3.4}% 189
\BOOKMARK [3][-]{subsubsection.7.3.4.55}{\376\377\0007\000.\0003\000.\0004\000.\0005\0005\000\040\000s\000w\000a\000p\000\050\000\051}{subsection.7.3.4}% 190
\BOOKMARK [2][-]{subsection.7.3.5}{\376\377\0007\000.\0003\000.\0005\000\040\000F\000r\000i\000e\000n\000d\000s\000\040\000A\000n\000d\000\040\000R\000e\000l\000a\000t\000e\000d\000\040\000F\000u\000n\000c\000t\000i\000o\000n\000\040\000D\000o\000c\000u\000m\000e\000n\000t\000a\000t\000i\000o\000n}{section.7.3}% 191
\BOOKMARK [3][-]{subsubsection.7.3.5.1}{\376\377\0007\000.\0003\000.\0005\000.\0001\000\040\000o\000p\000e\000r\000a\000t\000o\000r\000=\000=}{subsection.7.3.5}% 192
\BOOKMARK [3][-]{subsubsection.7.3.5.2}{\376\377\0007\000.\0003\000.\0005\000.\0002\000\040\000o\000p\000e\000r\000a\000t\000o\000r\000>\000>}{subsection.7.3.5}% 193
\BOOKMARK [2][-]{subsection.7.3.6}{\376\377\0007\000.\0003\000.\0006\000\040\000M\000e\000m\000b\000e\000r\000\040\000D\000a\000t\000a\000\040\000D\000o\000c\000u\000m\000e\000n\000t\000a\000t\000i\000o\000n}{section.7.3}% 194
\BOOKMARK [3][-]{subsubsection.7.3.6.1}{\376\377\0007\000.\0003\000.\0006\000.\0001\000\040\000\137\000U\000p}{subsection.7.3.6}% 195
\BOOKMARK [1][-]{section.7.4}{\376\377\0007\000.\0004\000\040\000\137\000\137\000g\000n\000u\000\137\000c\000x\000x\000:\000:\000\137\000R\000a\000t\000i\000o\000n\000a\000l\000P\000o\000l\000y\000n\000o\000m\000i\000a\000l\000<\000\040\000\137\000T\000p\000\040\000>\000\040\000C\000l\000a\000s\000s\000\040\000T\000e\000m\000p\000l\000a\000t\000e\000\040\000R\000e\000f\000e\000r\000e\000n\000c\000e}{chapter.7}% 196
\BOOKMARK [2][-]{subsection.7.4.1}{\376\377\0007\000.\0004\000.\0001\000\040\000D\000e\000t\000a\000i\000l\000e\000d\000\040\000D\000e\000s\000c\000r\000i\000p\000t\000i\000o\000n}{section.7.4}% 197
\BOOKMARK [2][-]{subsection.7.4.2}{\376\377\0007\000.\0004\000.\0002\000\040\000M\000e\000m\000b\000e\000r\000\040\000T\000y\000p\000e\000d\000e\000f\000\040\000D\000o\000c\000u\000m\000e\000n\000t\000a\000t\000i\000o\000n}{section.7.4}% 198
\BOOKMARK [3][-]{subsubsection.7.4.2.1}{\376\377\0007\000.\0004\000.\0002\000.\0001\000\040\000d\000i\000f\000f\000e\000r\000e\000n\000c\000e\000\137\000t\000y\000p\000e}{subsection.7.4.2}% 199
\BOOKMARK [3][-]{subsubsection.7.4.2.2}{\376\377\0007\000.\0004\000.\0002\000.\0002\000\040\000p\000o\000l\000y\000n\000o\000m\000i\000a\000l\000\137\000t\000y\000p\000e}{subsection.7.4.2}% 200
\BOOKMARK [3][-]{subsubsection.7.4.2.3}{\376\377\0007\000.\0004\000.\0002\000.\0003\000\040\000s\000i\000z\000e\000\137\000t\000y\000p\000e}{subsection.7.4.2}% 201
\BOOKMARK [3][-]{subsubsection.7.4.2.4}{\376\377\0007\000.\0004\000.\0002\000.\0004\000\040\000v\000a\000l\000u\000e\000\137\000t\000y\000p\000e}{subsection.7.4.2}% 202
\BOOKMARK [2][-]{subsection.7.4.3}{\376\377\0007\000.\0004\000.\0003\000\040\000C\000o\000n\000s\000t\000r\000u\000c\000t\000o\000r\000\040\000\046\000\040\000D\000e\000s\000t\000r\000u\000c\000t\000o\000r\000\040\000D\000o\000c\000u\000m\000e\000n\000t\000a\000t\000i\000o\000n}{section.7.4}% 203
\BOOKMARK [3][-]{subsubsection.7.4.3.1}{\376\377\0007\000.\0004\000.\0003\000.\0001\000\040\000\137\000R\000a\000t\000i\000o\000n\000a\000l\000P\000o\000l\000y\000n\000o\000m\000i\000a\000l\000\050\000\051\000\040\000[\0001\000/\0003\000]}{subsection.7.4.3}% 204
\BOOKMARK [3][-]{subsubsection.7.4.3.2}{\376\377\0007\000.\0004\000.\0003\000.\0002\000\040\000\137\000R\000a\000t\000i\000o\000n\000a\000l\000P\000o\000l\000y\000n\000o\000m\000i\000a\000l\000\050\000\051\000\040\000[\0002\000/\0003\000]}{subsection.7.4.3}% 205
\BOOKMARK [3][-]{subsubsection.7.4.3.3}{\376\377\0007\000.\0004\000.\0003\000.\0003\000\040\000\137\000R\000a\000t\000i\000o\000n\000a\000l\000P\000o\000l\000y\000n\000o\000m\000i\000a\000l\000\050\000\051\000\040\000[\0003\000/\0003\000]}{subsection.7.4.3}% 206
\BOOKMARK [2][-]{subsection.7.4.4}{\376\377\0007\000.\0004\000.\0004\000\040\000M\000e\000m\000b\000e\000r\000\040\000F\000u\000n\000c\000t\000i\000o\000n\000\040\000D\000o\000c\000u\000m\000e\000n\000t\000a\000t\000i\000o\000n}{section.7.4}% 207
\BOOKMARK [3][-]{subsubsection.7.4.4.1}{\376\377\0007\000.\0004\000.\0004\000.\0001\000\040\000d\000e\000n\000o\000m\000\050\000\051\000\040\000[\0001\000/\0002\000]}{subsection.7.4.4}% 208
\BOOKMARK [3][-]{subsubsection.7.4.4.2}{\376\377\0007\000.\0004\000.\0004\000.\0002\000\040\000d\000e\000n\000o\000m\000\050\000\051\000\040\000[\0002\000/\0002\000]}{subsection.7.4.4}% 209
\BOOKMARK [3][-]{subsubsection.7.4.4.3}{\376\377\0007\000.\0004\000.\0004\000.\0003\000\040\000n\000u\000m\000e\000r\000\050\000\051\000\040\000[\0001\000/\0002\000]}{subsection.7.4.4}% 210
\BOOKMARK [3][-]{subsubsection.7.4.4.4}{\376\377\0007\000.\0004\000.\0004\000.\0004\000\040\000n\000u\000m\000e\000r\000\050\000\051\000\040\000[\0002\000/\0002\000]}{subsection.7.4.4}% 211
\BOOKMARK [3][-]{subsubsection.7.4.4.5}{\376\377\0007\000.\0004\000.\0004\000.\0005\000\040\000o\000p\000e\000r\000a\000t\000o\000r\000\050\000\051\000\050\000\051}{subsection.7.4.4}% 212
\BOOKMARK [3][-]{subsubsection.7.4.4.6}{\376\377\0007\000.\0004\000.\0004\000.\0006\000\040\000o\000p\000e\000r\000a\000t\000o\000r\000*\000=\000\050\000\051}{subsection.7.4.4}% 213
\BOOKMARK [3][-]{subsubsection.7.4.4.7}{\376\377\0007\000.\0004\000.\0004\000.\0007\000\040\000o\000p\000e\000r\000a\000t\000o\000r\000+\000\050\000\051}{subsection.7.4.4}% 214
\BOOKMARK [3][-]{subsubsection.7.4.4.8}{\376\377\0007\000.\0004\000.\0004\000.\0008\000\040\000o\000p\000e\000r\000a\000t\000o\000r\000+\000=\000\050\000\051}{subsection.7.4.4}% 215
\BOOKMARK [3][-]{subsubsection.7.4.4.9}{\376\377\0007\000.\0004\000.\0004\000.\0009\000\040\000o\000p\000e\000r\000a\000t\000o\000r\000-\000\050\000\051}{subsection.7.4.4}% 216
\BOOKMARK [3][-]{subsubsection.7.4.4.10}{\376\377\0007\000.\0004\000.\0004\000.\0001\0000\000\040\000o\000p\000e\000r\000a\000t\000o\000r\000-\000=\000\050\000\051}{subsection.7.4.4}% 217
\BOOKMARK [3][-]{subsubsection.7.4.4.11}{\376\377\0007\000.\0004\000.\0004\000.\0001\0001\000\040\000o\000p\000e\000r\000a\000t\000o\000r\000/\000=\000\050\000\051}{subsection.7.4.4}% 218
\BOOKMARK [3][-]{subsubsection.7.4.4.12}{\376\377\0007\000.\0004\000.\0004\000.\0001\0002\000\040\000o\000p\000e\000r\000a\000t\000o\000r\000=\000\050\000\051}{subsection.7.4.4}% 219
\BOOKMARK [1][-]{section.7.5}{\376\377\0007\000.\0005\000\040\000\137\000\137\000g\000n\000u\000\137\000c\000x\000x\000:\000:\000\137\000S\000t\000a\000t\000i\000c\000P\000o\000l\000y\000n\000o\000m\000i\000a\000l\000<\000\040\000\137\000T\000p\000,\000\040\000\137\000N\000u\000m\000\040\000>\000\040\000C\000l\000a\000s\000s\000\040\000T\000e\000m\000p\000l\000a\000t\000e\000\040\000R\000e\000f\000e\000r\000e\000n\000c\000e}{chapter.7}% 220
\BOOKMARK [2][-]{subsection.7.5.1}{\376\377\0007\000.\0005\000.\0001\000\040\000D\000e\000t\000a\000i\000l\000e\000d\000\040\000D\000e\000s\000c\000r\000i\000p\000t\000i\000o\000n}{section.7.5}% 221
\BOOKMARK [2][-]{subsection.7.5.2}{\376\377\0007\000.\0005\000.\0002\000\040\000M\000e\000m\000b\000e\000r\000\040\000T\000y\000p\000e\000d\000e\000f\000\040\000D\000o\000c\000u\000m\000e\000n\000t\000a\000t\000i\000o\000n}{section.7.5}% 222
\BOOKMARK [3][-]{subsubsection.7.5.2.1}{\376\377\0007\000.\0005\000.\0002\000.\0001\000\040\000c\000o\000n\000s\000t\000\137\000i\000t\000e\000r\000a\000t\000o\000r}{subsection.7.5.2}% 223
\BOOKMARK [3][-]{subsubsection.7.5.2.2}{\376\377\0007\000.\0005\000.\0002\000.\0002\000\040\000c\000o\000n\000s\000t\000\137\000p\000o\000i\000n\000t\000e\000r}{subsection.7.5.2}% 224
\BOOKMARK [3][-]{subsubsection.7.5.2.3}{\376\377\0007\000.\0005\000.\0002\000.\0003\000\040\000c\000o\000n\000s\000t\000\137\000r\000e\000f\000e\000r\000e\000n\000c\000e}{subsection.7.5.2}% 225
\BOOKMARK [3][-]{subsubsection.7.5.2.4}{\376\377\0007\000.\0005\000.\0002\000.\0004\000\040\000c\000o\000n\000s\000t\000\137\000r\000e\000v\000e\000r\000s\000e\000\137\000i\000t\000e\000r\000a\000t\000o\000r}{subsection.7.5.2}% 226
\BOOKMARK [3][-]{subsubsection.7.5.2.5}{\376\377\0007\000.\0005\000.\0002\000.\0005\000\040\000d\000i\000f\000f\000e\000r\000e\000n\000c\000e\000\137\000t\000y\000p\000e}{subsection.7.5.2}% 227
\BOOKMARK [3][-]{subsubsection.7.5.2.6}{\376\377\0007\000.\0005\000.\0002\000.\0006\000\040\000i\000t\000e\000r\000a\000t\000o\000r}{subsection.7.5.2}% 228
\BOOKMARK [3][-]{subsubsection.7.5.2.7}{\376\377\0007\000.\0005\000.\0002\000.\0007\000\040\000p\000o\000i\000n\000t\000e\000r}{subsection.7.5.2}% 229
\BOOKMARK [3][-]{subsubsection.7.5.2.8}{\376\377\0007\000.\0005\000.\0002\000.\0008\000\040\000r\000e\000f\000e\000r\000e\000n\000c\000e}{subsection.7.5.2}% 230
\BOOKMARK [3][-]{subsubsection.7.5.2.9}{\376\377\0007\000.\0005\000.\0002\000.\0009\000\040\000r\000e\000v\000e\000r\000s\000e\000\137\000i\000t\000e\000r\000a\000t\000o\000r}{subsection.7.5.2}% 231
\BOOKMARK [3][-]{subsubsection.7.5.2.10}{\376\377\0007\000.\0005\000.\0002\000.\0001\0000\000\040\000s\000i\000z\000e\000\137\000t\000y\000p\000e}{subsection.7.5.2}% 232
\BOOKMARK [3][-]{subsubsection.7.5.2.11}{\376\377\0007\000.\0005\000.\0002\000.\0001\0001\000\040\000v\000a\000l\000u\000e\000\137\000t\000y\000p\000e}{subsection.7.5.2}% 233
\BOOKMARK [2][-]{subsection.7.5.3}{\376\377\0007\000.\0005\000.\0003\000\040\000C\000o\000n\000s\000t\000r\000u\000c\000t\000o\000r\000\040\000\046\000\040\000D\000e\000s\000t\000r\000u\000c\000t\000o\000r\000\040\000D\000o\000c\000u\000m\000e\000n\000t\000a\000t\000i\000o\000n}{section.7.5}% 234
\BOOKMARK [3][-]{subsubsection.7.5.3.1}{\376\377\0007\000.\0005\000.\0003\000.\0001\000\040\000\137\000S\000t\000a\000t\000i\000c\000P\000o\000l\000y\000n\000o\000m\000i\000a\000l\000\050\000\051\000\040\000[\0001\000/\0007\000]}{subsection.7.5.3}% 235
\BOOKMARK [3][-]{subsubsection.7.5.3.2}{\376\377\0007\000.\0005\000.\0003\000.\0002\000\040\000\137\000S\000t\000a\000t\000i\000c\000P\000o\000l\000y\000n\000o\000m\000i\000a\000l\000\050\000\051\000\040\000[\0002\000/\0007\000]}{subsection.7.5.3}% 236
\BOOKMARK [3][-]{subsubsection.7.5.3.3}{\376\377\0007\000.\0005\000.\0003\000.\0003\000\040\000\137\000S\000t\000a\000t\000i\000c\000P\000o\000l\000y\000n\000o\000m\000i\000a\000l\000\050\000\051\000\040\000[\0003\000/\0007\000]}{subsection.7.5.3}% 237
\BOOKMARK [3][-]{subsubsection.7.5.3.4}{\376\377\0007\000.\0005\000.\0003\000.\0004\000\040\000\137\000S\000t\000a\000t\000i\000c\000P\000o\000l\000y\000n\000o\000m\000i\000a\000l\000\050\000\051\000\040\000[\0004\000/\0007\000]}{subsection.7.5.3}% 238
\BOOKMARK [3][-]{subsubsection.7.5.3.5}{\376\377\0007\000.\0005\000.\0003\000.\0005\000\040\000\137\000S\000t\000a\000t\000i\000c\000P\000o\000l\000y\000n\000o\000m\000i\000a\000l\000\050\000\051\000\040\000[\0005\000/\0007\000]}{subsection.7.5.3}% 239
\BOOKMARK [3][-]{subsubsection.7.5.3.6}{\376\377\0007\000.\0005\000.\0003\000.\0006\000\040\000\137\000S\000t\000a\000t\000i\000c\000P\000o\000l\000y\000n\000o\000m\000i\000a\000l\000\050\000\051\000\040\000[\0006\000/\0007\000]}{subsection.7.5.3}% 240
\BOOKMARK [3][-]{subsubsection.7.5.3.7}{\376\377\0007\000.\0005\000.\0003\000.\0007\000\040\000\137\000S\000t\000a\000t\000i\000c\000P\000o\000l\000y\000n\000o\000m\000i\000a\000l\000\050\000\051\000\040\000[\0007\000/\0007\000]}{subsection.7.5.3}% 241
\BOOKMARK [2][-]{subsection.7.5.4}{\376\377\0007\000.\0005\000.\0004\000\040\000M\000e\000m\000b\000e\000r\000\040\000F\000u\000n\000c\000t\000i\000o\000n\000\040\000D\000o\000c\000u\000m\000e\000n\000t\000a\000t\000i\000o\000n}{section.7.5}% 242
\BOOKMARK [3][-]{subsubsection.7.5.4.1}{\376\377\0007\000.\0005\000.\0004\000.\0001\000\040\000\137\000T\000p\0002\000\050\000\051}{subsection.7.5.4}% 243
\BOOKMARK [3][-]{subsubsection.7.5.4.2}{\376\377\0007\000.\0005\000.\0004\000.\0002\000\040\000b\000e\000g\000i\000n\000\050\000\051\000\040\000[\0001\000/\0002\000]}{subsection.7.5.4}% 244
\BOOKMARK [3][-]{subsubsection.7.5.4.3}{\376\377\0007\000.\0005\000.\0004\000.\0003\000\040\000b\000e\000g\000i\000n\000\050\000\051\000\040\000[\0002\000/\0002\000]}{subsection.7.5.4}% 245
\BOOKMARK [3][-]{subsubsection.7.5.4.4}{\376\377\0007\000.\0005\000.\0004\000.\0004\000\040\000c\000b\000e\000g\000i\000n\000\050\000\051}{subsection.7.5.4}% 246
\BOOKMARK [3][-]{subsubsection.7.5.4.5}{\376\377\0007\000.\0005\000.\0004\000.\0005\000\040\000c\000e\000n\000d\000\050\000\051}{subsection.7.5.4}% 247
\BOOKMARK [3][-]{subsubsection.7.5.4.6}{\376\377\0007\000.\0005\000.\0004\000.\0006\000\040\000c\000l\000e\000a\000r\000\050\000\051}{subsection.7.5.4}% 248
\BOOKMARK [3][-]{subsubsection.7.5.4.7}{\376\377\0007\000.\0005\000.\0004\000.\0007\000\040\000c\000o\000e\000f\000f\000i\000c\000i\000e\000n\000t\000\050\000\051\000\040\000[\0001\000/\0002\000]}{subsection.7.5.4}% 249
\BOOKMARK [3][-]{subsubsection.7.5.4.8}{\376\377\0007\000.\0005\000.\0004\000.\0008\000\040\000c\000o\000e\000f\000f\000i\000c\000i\000e\000n\000t\000\050\000\051\000\040\000[\0002\000/\0002\000]}{subsection.7.5.4}% 250
\BOOKMARK [3][-]{subsubsection.7.5.4.9}{\376\377\0007\000.\0005\000.\0004\000.\0009\000\040\000c\000r\000b\000e\000g\000i\000n\000\050\000\051}{subsection.7.5.4}% 251
\BOOKMARK [3][-]{subsubsection.7.5.4.10}{\376\377\0007\000.\0005\000.\0004\000.\0001\0000\000\040\000c\000r\000e\000n\000d\000\050\000\051}{subsection.7.5.4}% 252
\BOOKMARK [3][-]{subsubsection.7.5.4.11}{\376\377\0007\000.\0005\000.\0004\000.\0001\0001\000\040\000d\000e\000g\000r\000e\000e\000\050\000\051}{subsection.7.5.4}% 253
\BOOKMARK [3][-]{subsubsection.7.5.4.12}{\376\377\0007\000.\0005\000.\0004\000.\0001\0002\000\040\000e\000n\000d\000\050\000\051\000\040\000[\0001\000/\0002\000]}{subsection.7.5.4}% 254
\BOOKMARK [3][-]{subsubsection.7.5.4.13}{\376\377\0007\000.\0005\000.\0004\000.\0001\0003\000\040\000e\000n\000d\000\050\000\051\000\040\000[\0002\000/\0002\000]}{subsection.7.5.4}% 255
\BOOKMARK [3][-]{subsubsection.7.5.4.14}{\376\377\0007\000.\0005\000.\0004\000.\0001\0004\000\040\000e\000v\000a\000l\000\050\000\051\000\040\000[\0001\000/\0002\000]}{subsection.7.5.4}% 256
\BOOKMARK [3][-]{subsubsection.7.5.4.15}{\376\377\0007\000.\0005\000.\0004\000.\0001\0005\000\040\000e\000v\000a\000l\000\050\000\051\000\040\000[\0002\000/\0002\000]}{subsection.7.5.4}% 257
\BOOKMARK [3][-]{subsubsection.7.5.4.16}{\376\377\0007\000.\0005\000.\0004\000.\0001\0006\000\040\000e\000v\000a\000l\000\137\000e\000v\000e\000n\000\050\000\051\000\040\000[\0001\000/\0002\000]}{subsection.7.5.4}% 258
\BOOKMARK [3][-]{subsubsection.7.5.4.17}{\376\377\0007\000.\0005\000.\0004\000.\0001\0007\000\040\000e\000v\000a\000l\000\137\000e\000v\000e\000n\000\050\000\051\000\040\000[\0002\000/\0002\000]}{subsection.7.5.4}% 259
\BOOKMARK [3][-]{subsubsection.7.5.4.18}{\376\377\0007\000.\0005\000.\0004\000.\0001\0008\000\040\000e\000v\000a\000l\000\137\000o\000d\000d\000\050\000\051\000\040\000[\0001\000/\0002\000]}{subsection.7.5.4}% 260
\BOOKMARK [3][-]{subsubsection.7.5.4.19}{\376\377\0007\000.\0005\000.\0004\000.\0001\0009\000\040\000e\000v\000a\000l\000\137\000o\000d\000d\000\050\000\051\000\040\000[\0002\000/\0002\000]}{subsection.7.5.4}% 261
\BOOKMARK [3][-]{subsubsection.7.5.4.20}{\376\377\0007\000.\0005\000.\0004\000.\0002\0000\000\040\000f\000o\000r\000\050\000\051}{subsection.7.5.4}% 262
\BOOKMARK [3][-]{subsubsection.7.5.4.21}{\376\377\0007\000.\0005\000.\0004\000.\0002\0001\000\040\000o\000p\000e\000r\000a\000t\000o\000r\000\050\000\051\000\050\000\051\000\040\000[\0001\000/\0004\000]}{subsection.7.5.4}% 263
\BOOKMARK [3][-]{subsubsection.7.5.4.22}{\376\377\0007\000.\0005\000.\0004\000.\0002\0002\000\040\000o\000p\000e\000r\000a\000t\000o\000r\000\050\000\051\000\050\000\051\000\040\000[\0002\000/\0004\000]}{subsection.7.5.4}% 264
\BOOKMARK [3][-]{subsubsection.7.5.4.23}{\376\377\0007\000.\0005\000.\0004\000.\0002\0003\000\040\000o\000p\000e\000r\000a\000t\000o\000r\000\050\000\051\000\050\000\051\000\040\000[\0003\000/\0004\000]}{subsection.7.5.4}% 265
\BOOKMARK [3][-]{subsubsection.7.5.4.24}{\376\377\0007\000.\0005\000.\0004\000.\0002\0004\000\040\000o\000p\000e\000r\000a\000t\000o\000r\000\050\000\051\000\050\000\051\000\040\000[\0004\000/\0004\000]}{subsection.7.5.4}% 266
\BOOKMARK [3][-]{subsubsection.7.5.4.25}{\376\377\0007\000.\0005\000.\0004\000.\0002\0005\000\040\000o\000p\000e\000r\000a\000t\000o\000r\000=\000\050\000\051}{subsection.7.5.4}% 267
\BOOKMARK [3][-]{subsubsection.7.5.4.26}{\376\377\0007\000.\0005\000.\0004\000.\0002\0006\000\040\000o\000p\000e\000r\000a\000t\000o\000r\000[\000]\000\050\000\051\000\040\000[\0001\000/\0002\000]}{subsection.7.5.4}% 268
\BOOKMARK [3][-]{subsubsection.7.5.4.27}{\376\377\0007\000.\0005\000.\0004\000.\0002\0007\000\040\000o\000p\000e\000r\000a\000t\000o\000r\000[\000]\000\050\000\051\000\040\000[\0002\000/\0002\000]}{subsection.7.5.4}% 269
\BOOKMARK [3][-]{subsubsection.7.5.4.28}{\376\377\0007\000.\0005\000.\0004\000.\0002\0008\000\040\000r\000b\000e\000g\000i\000n\000\050\000\051\000\040\000[\0001\000/\0002\000]}{subsection.7.5.4}% 270
\BOOKMARK [3][-]{subsubsection.7.5.4.29}{\376\377\0007\000.\0005\000.\0004\000.\0002\0009\000\040\000r\000b\000e\000g\000i\000n\000\050\000\051\000\040\000[\0002\000/\0002\000]}{subsection.7.5.4}% 271
\BOOKMARK [3][-]{subsubsection.7.5.4.30}{\376\377\0007\000.\0005\000.\0004\000.\0003\0000\000\040\000r\000e\000n\000d\000\050\000\051\000\040\000[\0001\000/\0002\000]}{subsection.7.5.4}% 272
\BOOKMARK [3][-]{subsubsection.7.5.4.31}{\376\377\0007\000.\0005\000.\0004\000.\0003\0001\000\040\000r\000e\000n\000d\000\050\000\051\000\040\000[\0002\000/\0002\000]}{subsection.7.5.4}% 273
\BOOKMARK [3][-]{subsubsection.7.5.4.32}{\376\377\0007\000.\0005\000.\0004\000.\0003\0002\000\040\000s\000w\000a\000p\000\050\000\051}{subsection.7.5.4}% 274
\BOOKMARK [2][-]{subsection.7.5.5}{\376\377\0007\000.\0005\000.\0005\000\040\000F\000r\000i\000e\000n\000d\000s\000\040\000A\000n\000d\000\040\000R\000e\000l\000a\000t\000e\000d\000\040\000F\000u\000n\000c\000t\000i\000o\000n\000\040\000D\000o\000c\000u\000m\000e\000n\000t\000a\000t\000i\000o\000n}{section.7.5}% 275
\BOOKMARK [3][-]{subsubsection.7.5.5.1}{\376\377\0007\000.\0005\000.\0005\000.\0001\000\040\000o\000p\000e\000r\000a\000t\000o\000r\000=\000=}{subsection.7.5.5}% 276
\BOOKMARK [2][-]{subsection.7.5.6}{\376\377\0007\000.\0005\000.\0006\000\040\000M\000e\000m\000b\000e\000r\000\040\000D\000a\000t\000a\000\040\000D\000o\000c\000u\000m\000e\000n\000t\000a\000t\000i\000o\000n}{section.7.5}% 277
\BOOKMARK [3][-]{subsubsection.7.5.6.1}{\376\377\0007\000.\0005\000.\0006\000.\0001\000\040\000t\000h\000i\000s}{subsection.7.5.6}% 278
\BOOKMARK [1][-]{section.7.6}{\376\377\0007\000.\0006\000\040\000s\000t\000d\000:\000:\000c\000o\000m\000p\000l\000e\000x\000<\000\040\000\137\000T\000p\000\040\000>\000\040\000C\000l\000a\000s\000s\000\040\000T\000e\000m\000p\000l\000a\000t\000e\000\040\000R\000e\000f\000e\000r\000e\000n\000c\000e}{chapter.7}% 279
\BOOKMARK [2][-]{subsection.7.6.1}{\376\377\0007\000.\0006\000.\0001\000\040\000D\000e\000t\000a\000i\000l\000e\000d\000\040\000D\000e\000s\000c\000r\000i\000p\000t\000i\000o\000n}{section.7.6}% 280
\BOOKMARK [0][-]{chapter.8}{\376\377\0008\000\040\000F\000i\000l\000e\000\040\000D\000o\000c\000u\000m\000e\000n\000t\000a\000t\000i\000o\000n}{}% 281
\BOOKMARK [1][-]{section.8.1}{\376\377\0008\000.\0001\000\040\000i\000n\000c\000l\000u\000d\000e\000/\000e\000x\000t\000/\000h\000o\000r\000n\000e\000r\000.\000h\000\040\000F\000i\000l\000e\000\040\000R\000e\000f\000e\000r\000e\000n\000c\000e}{chapter.8}% 282
\BOOKMARK [2][-]{subsection.8.1.1}{\376\377\0008\000.\0001\000.\0001\000\040\000D\000e\000t\000a\000i\000l\000e\000d\000\040\000D\000e\000s\000c\000r\000i\000p\000t\000i\000o\000n}{section.8.1}% 283
\BOOKMARK [1][-]{section.8.2}{\376\377\0008\000.\0002\000\040\000i\000n\000c\000l\000u\000d\000e\000/\000e\000x\000t\000/\000p\000o\000l\000y\000n\000o\000m\000i\000a\000l\000.\000h\000\040\000F\000i\000l\000e\000\040\000R\000e\000f\000e\000r\000e\000n\000c\000e}{chapter.8}% 284
\BOOKMARK [2][-]{subsection.8.2.1}{\376\377\0008\000.\0002\000.\0001\000\040\000D\000e\000t\000a\000i\000l\000e\000d\000\040\000D\000e\000s\000c\000r\000i\000p\000t\000i\000o\000n}{section.8.2}% 285
\BOOKMARK [1][-]{section.8.3}{\376\377\0008\000.\0003\000\040\000i\000n\000c\000l\000u\000d\000e\000/\000e\000x\000t\000/\000p\000o\000l\000y\000n\000o\000m\000i\000a\000l\000.\000t\000c\000c\000\040\000F\000i\000l\000e\000\040\000R\000e\000f\000e\000r\000e\000n\000c\000e}{chapter.8}% 286
\BOOKMARK [2][-]{subsection.8.3.1}{\376\377\0008\000.\0003\000.\0001\000\040\000D\000e\000t\000a\000i\000l\000e\000d\000\040\000D\000e\000s\000c\000r\000i\000p\000t\000i\000o\000n}{section.8.3}% 287
\BOOKMARK [2][-]{subsection.8.3.2}{\376\377\0008\000.\0003\000.\0002\000\040\000M\000a\000c\000r\000o\000\040\000D\000e\000f\000i\000n\000i\000t\000i\000o\000n\000\040\000D\000o\000c\000u\000m\000e\000n\000t\000a\000t\000i\000o\000n}{section.8.3}% 288
\BOOKMARK [3][-]{subsubsection.8.3.2.1}{\376\377\0008\000.\0003\000.\0002\000.\0001\000\040\000\137\000E\000X\000T\000\137\000P\000O\000L\000Y\000N\000O\000M\000I\000A\000L\000\137\000T\000C\000C}{subsection.8.3.2}% 289
\BOOKMARK [1][-]{section.8.4}{\376\377\0008\000.\0004\000\040\000i\000n\000c\000l\000u\000d\000e\000/\000e\000x\000t\000/\000r\000a\000t\000i\000o\000n\000a\000l\000\137\000p\000o\000l\000y\000n\000o\000m\000i\000a\000l\000.\000h\000\040\000F\000i\000l\000e\000\040\000R\000e\000f\000e\000r\000e\000n\000c\000e}{chapter.8}% 290
\BOOKMARK [2][-]{subsection.8.4.1}{\376\377\0008\000.\0004\000.\0001\000\040\000D\000e\000t\000a\000i\000l\000e\000d\000\040\000D\000e\000s\000c\000r\000i\000p\000t\000i\000o\000n}{section.8.4}% 291
\BOOKMARK [1][-]{section.8.5}{\376\377\0008\000.\0005\000\040\000i\000n\000c\000l\000u\000d\000e\000/\000e\000x\000t\000/\000s\000o\000l\000u\000t\000i\000o\000n\000.\000h\000\040\000F\000i\000l\000e\000\040\000R\000e\000f\000e\000r\000e\000n\000c\000e}{chapter.8}% 292
\BOOKMARK [2][-]{subsection.8.5.1}{\376\377\0008\000.\0005\000.\0001\000\040\000D\000e\000t\000a\000i\000l\000e\000d\000\040\000D\000e\000s\000c\000r\000i\000p\000t\000i\000o\000n}{section.8.5}% 293
\BOOKMARK [2][-]{subsection.8.5.2}{\376\377\0008\000.\0005\000.\0002\000\040\000F\000u\000n\000c\000t\000i\000o\000n\000\040\000D\000o\000c\000u\000m\000e\000n\000t\000a\000t\000i\000o\000n}{section.8.5}% 294
\BOOKMARK [3][-]{subsubsection.8.5.2.1}{\376\377\0008\000.\0005\000.\0002\000.\0001\000\040\000o\000p\000e\000r\000a\000t\000o\000r\000<\000<\000\050\000\051}{subsection.8.5.2}% 295
\BOOKMARK [1][-]{section.8.6}{\376\377\0008\000.\0006\000\040\000i\000n\000c\000l\000u\000d\000e\000/\000e\000x\000t\000/\000s\000o\000l\000v\000e\000r\000\137\000l\000o\000w\000\137\000d\000e\000g\000r\000e\000e\000.\000h\000\040\000F\000i\000l\000e\000\040\000R\000e\000f\000e\000r\000e\000n\000c\000e}{chapter.8}% 296
\BOOKMARK [2][-]{subsection.8.6.1}{\376\377\0008\000.\0006\000.\0001\000\040\000D\000e\000t\000a\000i\000l\000e\000d\000\040\000D\000e\000s\000c\000r\000i\000p\000t\000i\000o\000n}{section.8.6}% 297
\BOOKMARK [1][-]{section.8.7}{\376\377\0008\000.\0007\000\040\000i\000n\000c\000l\000u\000d\000e\000/\000e\000x\000t\000/\000s\000o\000l\000v\000e\000r\000\137\000l\000o\000w\000\137\000d\000e\000g\000r\000e\000e\000.\000t\000c\000c\000\040\000F\000i\000l\000e\000\040\000R\000e\000f\000e\000r\000e\000n\000c\000e}{chapter.8}% 298
\BOOKMARK [2][-]{subsection.8.7.1}{\376\377\0008\000.\0007\000.\0001\000\040\000M\000a\000c\000r\000o\000\040\000D\000e\000f\000i\000n\000i\000t\000i\000o\000n\000\040\000D\000o\000c\000u\000m\000e\000n\000t\000a\000t\000i\000o\000n}{section.8.7}% 299
\BOOKMARK [3][-]{subsubsection.8.7.1.1}{\376\377\0008\000.\0007\000.\0001\000.\0001\000\040\000\137\000E\000X\000T\000\137\000S\000O\000L\000V\000E\000R\000\137\000L\000O\000W\000\137\000D\000E\000G\000R\000E\000E\000\137\000T\000C\000C}{subsection.8.7.1}% 300
\BOOKMARK [1][-]{section.8.8}{\376\377\0008\000.\0008\000\040\000i\000n\000c\000l\000u\000d\000e\000/\000e\000x\000t\000/\000s\000t\000a\000t\000i\000c\000\137\000p\000o\000l\000y\000n\000o\000m\000i\000a\000l\000.\000h\000\040\000F\000i\000l\000e\000\040\000R\000e\000f\000e\000r\000e\000n\000c\000e}{chapter.8}% 301
\BOOKMARK [2][-]{subsection.8.8.1}{\376\377\0008\000.\0008\000.\0001\000\040\000D\000e\000t\000a\000i\000l\000e\000d\000\040\000D\000e\000s\000c\000r\000i\000p\000t\000i\000o\000n}{section.8.8}% 302
\BOOKMARK [0][-]{section*.64}{\376\377\000I\000n\000d\000e\000x}{}% 303
